<?xml version="1.0" encoding="UTF-8"?>
<!-- Generated by org.testng.reporters.JUnitReportReporter -->
<testsuite hostname="LAPTOP-0STQ7AK3" failures="0" tests="1" name="com.cucumber.test.RunnerFile" time="12.471" errors="0" timestamp="2023-10-07T18:30:42 EDT" skipped="0">
  <testcase classname="com.cucumber.test.RunnerFile" name="runScenario" time="12.471"/>
  <system-out/>
</testsuite> <!-- com.cucumber.test.RunnerFile -->
