<?xml version="1.0" encoding="UTF-8"?>
<!-- Generated by org.testng.reporters.JUnitReportReporter -->
<testsuite hostname="LAPTOP-0STQ7AK3" failures="0" tests="1" name="com.regression.SmokeTest" time="3.753" errors="0" timestamp="2023-10-07T17:12:56 EDT" skipped="0">
  <testcase classname="com.regression.SmokeTest" name="positioveTest" time="3.753"/>
  <system-out/>
</testsuite> <!-- com.regression.SmokeTest -->
